<?xml version="1.0" encoding="UTF-8"?>
<testsuite name="com.example.project.TestSpellChecker" tests="5" skipped="0" failures="0" errors="0" timestamp="2025-02-23T22:33:22" hostname="codespaces-ed284d" time="0.961">
  <properties/>
  <testcase name="testLinearSearchInList()" classname="com.example.project.TestSpellChecker" time="0.047"/>
  <testcase name="testBinarySearchInList2()" classname="com.example.project.TestSpellChecker" time="0.028"/>
  <testcase name="testBinarySearchNotInList()" classname="com.example.project.TestSpellChecker" time="0.011"/>
  <testcase name="testLinearSearchNotInList()" classname="com.example.project.TestSpellChecker" time="0.016"/>
  <testcase name="testBinarySearchInList()" classname="com.example.project.TestSpellChecker" time="0.001"/>
  <system-out><![CDATA[
dictionary.txt file imported successfully!
-- LINEAR SEARCH: Number of words checked (loop iterations): 44357

dictionary.txt file imported successfully!
Checking middle: 63571 (word: lightered)
-- BINARY SEARCH: Word found after 1 iterations

dictionary.txt file imported successfully!
Checking middle: 63571 (word: lightered)
Checking middle: 31785 (word: distaining)
Checking middle: 15892 (word: careener)
Checking middle: 23838 (word: coss)
Checking middle: 19865 (word: clypei)
Checking middle: 17878 (word: chegoes)
Checking middle: 16885 (word: cementation)
Checking middle: 16388 (word: catalpa)
Checking middle: 16636 (word: causals)
Checking middle: 16512 (word: catfalls)
Checking middle: 16450 (word: catechins)
Checking middle: 16419 (word: catbird)
Checking middle: 16434 (word: catchers)
Checking middle: 16442 (word: catchpenny)
Checking middle: 16446 (word: catchwords)
Checking middle: 16448 (word: cate)
Checking middle: 16447 (word: catchy)
-- BINARY SEARCH: Word not found after 17 iterations

dictionary.txt file imported successfully!
-- LINEAR SEARCH: Number of words checked (loop iterations): 127143

dictionary.txt file imported successfully!
Checking middle: 63571 (word: lightered)
Checking middle: 31785 (word: distaining)
Checking middle: 47678 (word: gorp)
Checking middle: 39731 (word: fairyism)
Checking middle: 43704 (word: foundries)
Checking middle: 45691 (word: gastight)
Checking middle: 44697 (word: fundamentalisms)
Checking middle: 44200 (word: frilliest)
Checking middle: 44448 (word: fruitier)
Checking middle: 44324 (word: fromenty)
Checking middle: 44386 (word: froufrous)
Checking middle: 44355 (word: frosh)
Checking middle: 44370 (word: frosts)
Checking middle: 44362 (word: frosted)
Checking middle: 44358 (word: frostbite)
Checking middle: 44356 (word: frost)
-- BINARY SEARCH: Word found after 16 iterations
]]></system-out>
  <system-err><![CDATA[]]></system-err>
</testsuite>
